<?xml version="1.0" encoding="UTF-8"?>
<!-- Generated by org.testng.reporters.JUnitXMLReporter -->
<testsuite ignored="0" hostname="DESKTOP-VHV67N4" failures="1" tests="1" name="BankingApp Test" time="19.186" errors="0" timestamp="2022-04-05T10:34:48 IST">
  <testcase classname="com.inetbanking.testcases.TC_LoginDDT_002" name="login" time="0.0">
    <failure type="org.testng.TestNGException" message="
Cannot inject @Test annotated Method [login] with [class java.lang.String, class java.lang.String].
For more information on native dependency injection please refer to https://testng.org/doc/documentation-main.html#native-dependency-injection">
      <![CDATA[org.testng.TestNGException: 
Cannot inject @Test annotated Method [login] with [class java.lang.String, class java.lang.String].
For more information on native dependency injection please refer to https://testng.org/doc/documentation-main.html#native-dependency-injection
at java.base/java.util.ArrayList.forEach(ArrayList.java:1511)
... Removed 26 stack frames]]>
    </failure>
  </testcase> <!-- login -->
</testsuite> <!-- BankingApp Test -->
